<?xml version="1.0" encoding="UTF-8"?>
<testng-results skipped="0" failed="1" ignored="0" total="6" passed="5">
  <reporter-output>
  </reporter-output>
  <suite name="Default suite" duration-ms="52028" started-at="2023-03-07T14:55:59 IST" finished-at="2023-03-07T14:56:51 IST">
    <groups>
      <group name="feature2">
        <method signature="CaseStudy.login()[pri:1, instance:casestudy.CaseStudy@543e710e]" name="login" class="casestudy.CaseStudy"/>
        <method signature="CaseStudy.select(java.lang.String,java.lang.String)[pri:2, instance:casestudy.CaseStudy@543e710e]" name="select" class="casestudy.CaseStudy"/>
        <method signature="CaseStudy.ele_cart()[pri:3, instance:casestudy.CaseStudy@543e710e]" name="ele_cart" class="casestudy.CaseStudy"/>
        <method signature="CaseStudy.del_cart()[pri:4, instance:casestudy.CaseStudy@543e710e]" name="del_cart" class="casestudy.CaseStudy"/>
        <method signature="CaseStudy.checkout()[pri:5, instance:casestudy.CaseStudy@543e710e]" name="checkout" class="casestudy.CaseStudy"/>
      </group> <!-- feature2 -->
      <group name="feature1">
        <method signature="CaseStudy.login()[pri:1, instance:casestudy.CaseStudy@543e710e]" name="login" class="casestudy.CaseStudy"/>
        <method signature="CaseStudy.select(java.lang.String,java.lang.String)[pri:2, instance:casestudy.CaseStudy@543e710e]" name="select" class="casestudy.CaseStudy"/>
        <method signature="CaseStudy.ele_cart()[pri:3, instance:casestudy.CaseStudy@543e710e]" name="ele_cart" class="casestudy.CaseStudy"/>
        <method signature="CaseStudy.checkout()[pri:5, instance:casestudy.CaseStudy@543e710e]" name="checkout" class="casestudy.CaseStudy"/>
      </group> <!-- feature1 -->
    </groups>
    <test name="Default test" duration-ms="52028" started-at="2023-03-07T14:55:59 IST" finished-at="2023-03-07T14:56:51 IST">
      <class name="casestudy.CaseStudy">
        <test-method status="PASS" signature="extenreport()[pri:0, instance:casestudy.CaseStudy@543e710e]" name="extenreport" is-config="true" duration-ms="320" started-at="2023-03-07T14:55:59 IST" finished-at="2023-03-07T14:55:59 IST">
          <reporter-output>
          </reporter-output>
        </test-method> <!-- extenreport -->
        <test-method status="PASS" signature="property()[pri:0, instance:casestudy.CaseStudy@543e710e]" name="property" is-config="true" duration-ms="0" started-at="2023-03-07T14:55:59 IST" finished-at="2023-03-07T14:55:59 IST">
          <reporter-output>
          </reporter-output>
        </test-method> <!-- property -->
        <test-method status="PASS" signature="setup()[pri:0, instance:casestudy.CaseStudy@543e710e]" name="setup" is-config="true" duration-ms="6125" started-at="2023-03-07T14:55:59 IST" finished-at="2023-03-07T14:56:05 IST">
          <reporter-output>
          </reporter-output>
        </test-method> <!-- setup -->
        <test-method status="PASS" signature="login()[pri:1, instance:casestudy.CaseStudy@543e710e]" name="login" duration-ms="13432" started-at="2023-03-07T14:56:05 IST" finished-at="2023-03-07T14:56:18 IST">
          <reporter-output>
          </reporter-output>
        </test-method> <!-- login -->
        <test-method status="PASS" signature="finish(org.testng.ITestResult)[pri:0, instance:casestudy.CaseStudy@543e710e]" name="finish" is-config="true" duration-ms="774" started-at="2023-03-07T14:56:18 IST" finished-at="2023-03-07T14:56:19 IST">
          <params>
            <param index="0">
              <value>
                <![CDATA[[TestResult name=login status=SUCCESS method=CaseStudy.login()[pri:1, instance:casestudy.CaseStudy@543e710e] output={null}]]]>
              </value>
            </param>
          </params>
          <reporter-output>
          </reporter-output>
        </test-method> <!-- finish -->
        <test-method status="FAIL" signature="select(java.lang.String,java.lang.String)[pri:2, instance:casestudy.CaseStudy@543e710e]" name="select" duration-ms="2440" started-at="2023-03-07T14:56:19 IST" data-provider="products" depends-on-methods="casestudy.CaseStudy.login" finished-at="2023-03-07T14:56:22 IST">
          <params>
            <param index="0">
              <value>
                <![CDATA[Phones]]>
              </value>
            </param>
            <param index="1">
              <value>
                <![CDATA[Samsung galaxy s6]]>
              </value>
            </param>
          </params>
          <exception class="org.openqa.selenium.StaleElementReferenceException">
            <message>
              <![CDATA[stale element reference: element is not attached to the page document
  (Session info: chrome=110.0.5481.178)
For documentation on this error, please visit: https://selenium.dev/exceptions/#stale_element_reference
Build info: version: '4.6.0', revision: '79f1c02ae20'
System info: os.name: 'Windows 11', os.arch: 'amd64', os.version: '10.0', java.version: '1.8.0_331'
Driver info: org.openqa.selenium.chrome.ChromeDriver
Command: [942ed11978d98a9a8e7183fab702fb43, clickElement {id=07bfa165-c8d5-4038-b859-7662d13a25dc}]
Capabilities {acceptInsecureCerts: false, browserName: chrome, browserVersion: 110.0.5481.178, chrome: {chromedriverVersion: 110.0.5481.77 (65ed616c6e8e..., userDataDir: C:\Users\HP\AppData\Local\T...}, goog:chromeOptions: {debuggerAddress: localhost:62933}, networkConnectionEnabled: false, pageLoadStrategy: normal, platformName: WINDOWS, proxy: Proxy(), se:cdp: ws://localhost:62933/devtoo..., se:cdpVersion: 110.0.5481.178, setWindowRect: true, strictFileInteractability: false, timeouts: {implicit: 0, pageLoad: 300000, script: 30000}, unhandledPromptBehavior: dismiss and notify, webauthn:extension:credBlob: true, webauthn:extension:largeBlob: true, webauthn:virtualAuthenticators: true}
Element: [[ChromeDriver: chrome on WINDOWS (942ed11978d98a9a8e7183fab702fb43)] -> partial link text: Phones]
Session ID: 942ed11978d98a9a8e7183fab702fb43]]>
            </message>
            <full-stacktrace>
              <![CDATA[org.openqa.selenium.StaleElementReferenceException: stale element reference: element is not attached to the page document
  (Session info: chrome=110.0.5481.178)
For documentation on this error, please visit: https://selenium.dev/exceptions/#stale_element_reference
Build info: version: '4.6.0', revision: '79f1c02ae20'
System info: os.name: 'Windows 11', os.arch: 'amd64', os.version: '10.0', java.version: '1.8.0_331'
Driver info: org.openqa.selenium.chrome.ChromeDriver
Command: [942ed11978d98a9a8e7183fab702fb43, clickElement {id=07bfa165-c8d5-4038-b859-7662d13a25dc}]
Capabilities {acceptInsecureCerts: false, browserName: chrome, browserVersion: 110.0.5481.178, chrome: {chromedriverVersion: 110.0.5481.77 (65ed616c6e8e..., userDataDir: C:\Users\HP\AppData\Local\T...}, goog:chromeOptions: {debuggerAddress: localhost:62933}, networkConnectionEnabled: false, pageLoadStrategy: normal, platformName: WINDOWS, proxy: Proxy(), se:cdp: ws://localhost:62933/devtoo..., se:cdpVersion: 110.0.5481.178, setWindowRect: true, strictFileInteractability: false, timeouts: {implicit: 0, pageLoad: 300000, script: 30000}, unhandledPromptBehavior: dismiss and notify, webauthn:extension:credBlob: true, webauthn:extension:largeBlob: true, webauthn:virtualAuthenticators: true}
Element: [[ChromeDriver: chrome on WINDOWS (942ed11978d98a9a8e7183fab702fb43)] -> partial link text: Phones]
Session ID: 942ed11978d98a9a8e7183fab702fb43
at sun.reflect.NativeConstructorAccessorImpl.newInstance0(Native Method)
at sun.reflect.NativeConstructorAccessorImpl.newInstance(NativeConstructorAccessorImpl.java:62)
at sun.reflect.DelegatingConstructorAccessorImpl.newInstance(DelegatingConstructorAccessorImpl.java:45)
at java.lang.reflect.Constructor.newInstance(Constructor.java:423)
at org.openqa.selenium.remote.codec.w3c.W3CHttpResponseCodec.createException(W3CHttpResponseCodec.java:200)
at org.openqa.selenium.remote.codec.w3c.W3CHttpResponseCodec.decode(W3CHttpResponseCodec.java:133)
at org.openqa.selenium.remote.codec.w3c.W3CHttpResponseCodec.decode(W3CHttpResponseCodec.java:53)
at org.openqa.selenium.remote.HttpCommandExecutor.execute(HttpCommandExecutor.java:184)
at org.openqa.selenium.remote.service.DriverCommandExecutor.invokeExecute(DriverCommandExecutor.java:167)
at org.openqa.selenium.remote.service.DriverCommandExecutor.execute(DriverCommandExecutor.java:142)
at org.openqa.selenium.remote.RemoteWebDriver.execute(RemoteWebDriver.java:541)
at org.openqa.selenium.remote.RemoteWebElement.execute(RemoteWebElement.java:257)
at org.openqa.selenium.remote.RemoteWebElement.click(RemoteWebElement.java:78)
at casestudy.CaseStudy.select(CaseStudy.java:92)
at sun.reflect.NativeMethodAccessorImpl.invoke0(Native Method)
at sun.reflect.NativeMethodAccessorImpl.invoke(NativeMethodAccessorImpl.java:62)
at sun.reflect.DelegatingMethodAccessorImpl.invoke(DelegatingMethodAccessorImpl.java:43)
at java.lang.reflect.Method.invoke(Method.java:498)
at org.testng.internal.invokers.MethodInvocationHelper.invokeMethod(MethodInvocationHelper.java:135)
at org.testng.internal.invokers.TestInvoker.invokeMethod(TestInvoker.java:673)
at org.testng.internal.invokers.TestInvoker.invokeTestMethod(TestInvoker.java:220)
at org.testng.internal.invokers.MethodRunner.runInSequence(MethodRunner.java:50)
at org.testng.internal.invokers.TestInvoker$MethodInvocationAgent.invoke(TestInvoker.java:945)
at org.testng.internal.invokers.TestInvoker.invokeTestMethods(TestInvoker.java:193)
at org.testng.internal.invokers.TestMethodWorker.invokeTestMethods(TestMethodWorker.java:146)
at org.testng.internal.invokers.TestMethodWorker.run(TestMethodWorker.java:128)
at java.util.ArrayList.forEach(ArrayList.java:1259)
at org.testng.TestRunner.privateRun(TestRunner.java:808)
at org.testng.TestRunner.run(TestRunner.java:603)
at org.testng.SuiteRunner.runTest(SuiteRunner.java:429)
at org.testng.SuiteRunner.runSequentially(SuiteRunner.java:423)
at org.testng.SuiteRunner.privateRun(SuiteRunner.java:383)
at org.testng.SuiteRunner.run(SuiteRunner.java:326)
at org.testng.SuiteRunnerWorker.runSuite(SuiteRunnerWorker.java:52)
at org.testng.SuiteRunnerWorker.run(SuiteRunnerWorker.java:95)
at org.testng.TestNG.runSuitesSequentially(TestNG.java:1249)
at org.testng.TestNG.runSuitesLocally(TestNG.java:1169)
at org.testng.TestNG.runSuites(TestNG.java:1092)
at org.testng.TestNG.run(TestNG.java:1060)
at org.testng.remote.AbstractRemoteTestNG.run(AbstractRemoteTestNG.java:115)
at org.testng.remote.RemoteTestNG.initAndRun(RemoteTestNG.java:251)
at org.testng.remote.RemoteTestNG.main(RemoteTestNG.java:77)
]]>
            </full-stacktrace>
          </exception> <!-- org.openqa.selenium.StaleElementReferenceException -->
          <reporter-output>
          </reporter-output>
        </test-method> <!-- select -->
        <test-method status="PASS" signature="finish(org.testng.ITestResult)[pri:0, instance:casestudy.CaseStudy@543e710e]" name="finish" is-config="true" duration-ms="577" started-at="2023-03-07T14:56:22 IST" finished-at="2023-03-07T14:56:22 IST">
          <params>
            <param index="0">
              <value>
                <![CDATA[[TestResult name=select status=FAILURE method=CaseStudy.select(java.lang.String,java.lang.String)[pri:2, instance:casestudy.CaseStudy@543e710e] output={null}]]]>
              </value>
            </param>
          </params>
          <reporter-output>
          </reporter-output>
        </test-method> <!-- finish -->
        <test-method status="PASS" signature="select(java.lang.String,java.lang.String)[pri:2, instance:casestudy.CaseStudy@543e710e]" name="select" duration-ms="5073" started-at="2023-03-07T14:56:22 IST" data-provider="products" depends-on-methods="casestudy.CaseStudy.login" finished-at="2023-03-07T14:56:27 IST">
          <params>
            <param index="0">
              <value>
                <![CDATA[Laptops]]>
              </value>
            </param>
            <param index="1">
              <value>
                <![CDATA[Sony vaio i5]]>
              </value>
            </param>
          </params>
          <reporter-output>
          </reporter-output>
        </test-method> <!-- select -->
        <test-method status="PASS" signature="finish(org.testng.ITestResult)[pri:0, instance:casestudy.CaseStudy@543e710e]" name="finish" is-config="true" duration-ms="64" started-at="2023-03-07T14:56:27 IST" finished-at="2023-03-07T14:56:27 IST">
          <params>
            <param index="0">
              <value>
                <![CDATA[[TestResult name=select status=SUCCESS method=CaseStudy.select(java.lang.String,java.lang.String)[pri:2, instance:casestudy.CaseStudy@543e710e] output={null}]]]>
              </value>
            </param>
          </params>
          <reporter-output>
          </reporter-output>
        </test-method> <!-- finish -->
        <test-method status="PASS" signature="ele_cart()[pri:3, instance:casestudy.CaseStudy@543e710e]" name="ele_cart" duration-ms="8208" started-at="2023-03-07T14:56:27 IST" finished-at="2023-03-07T14:56:36 IST">
          <reporter-output>
          </reporter-output>
        </test-method> <!-- ele_cart -->
        <test-method status="PASS" signature="finish(org.testng.ITestResult)[pri:0, instance:casestudy.CaseStudy@543e710e]" name="finish" is-config="true" duration-ms="61" started-at="2023-03-07T14:56:36 IST" finished-at="2023-03-07T14:56:36 IST">
          <params>
            <param index="0">
              <value>
                <![CDATA[[TestResult name=ele_cart status=SUCCESS method=CaseStudy.ele_cart()[pri:3, instance:casestudy.CaseStudy@543e710e] output={null}]]]>
              </value>
            </param>
          </params>
          <reporter-output>
          </reporter-output>
        </test-method> <!-- finish -->
        <test-method status="PASS" signature="del_cart()[pri:4, instance:casestudy.CaseStudy@543e710e]" name="del_cart" duration-ms="5236" started-at="2023-03-07T14:56:36 IST" finished-at="2023-03-07T14:56:41 IST">
          <reporter-output>
          </reporter-output>
        </test-method> <!-- del_cart -->
        <test-method status="PASS" signature="finish(org.testng.ITestResult)[pri:0, instance:casestudy.CaseStudy@543e710e]" name="finish" is-config="true" duration-ms="61" started-at="2023-03-07T14:56:41 IST" finished-at="2023-03-07T14:56:41 IST">
          <params>
            <param index="0">
              <value>
                <![CDATA[[TestResult name=del_cart status=SUCCESS method=CaseStudy.del_cart()[pri:4, instance:casestudy.CaseStudy@543e710e] output={null}]]]>
              </value>
            </param>
          </params>
          <reporter-output>
          </reporter-output>
        </test-method> <!-- finish -->
        <test-method status="PASS" signature="checkout()[pri:5, instance:casestudy.CaseStudy@543e710e]" name="checkout" duration-ms="9072" started-at="2023-03-07T14:56:41 IST" finished-at="2023-03-07T14:56:50 IST">
          <reporter-output>
          </reporter-output>
        </test-method> <!-- checkout -->
        <test-method status="PASS" signature="finish(org.testng.ITestResult)[pri:0, instance:casestudy.CaseStudy@543e710e]" name="finish" is-config="true" duration-ms="70" started-at="2023-03-07T14:56:50 IST" finished-at="2023-03-07T14:56:50 IST">
          <params>
            <param index="0">
              <value>
                <![CDATA[[TestResult name=checkout status=SUCCESS method=CaseStudy.checkout()[pri:5, instance:casestudy.CaseStudy@543e710e] output={null}]]]>
              </value>
            </param>
          </params>
          <reporter-output>
          </reporter-output>
        </test-method> <!-- finish -->
        <test-method status="PASS" signature="tearout()[pri:0, instance:casestudy.CaseStudy@543e710e]" name="tearout" is-config="true" duration-ms="395" started-at="2023-03-07T14:56:50 IST" finished-at="2023-03-07T14:56:51 IST">
          <reporter-output>
          </reporter-output>
        </test-method> <!-- tearout -->
      </class> <!-- casestudy.CaseStudy -->
    </test> <!-- Default test -->
  </suite> <!-- Default suite -->
</testng-results>
